<?xml version="1.0" encoding="utf-8"?>
<TestRun id="03461bca-c979-4880-8c86-5c413e119dbd" name="micha@DESKTOP-TCPMHJ0 2025-08-24 14:11:33" runUser="DESKTOP-TCPMHJ0\micha" xmlns="http://microsoft.com/schemas/VisualStudio/TeamTest/2010">
  <Times creation="2025-08-24T14:11:33.3487359-07:00" queuing="2025-08-24T14:11:33.3487363-07:00" start="2025-08-24T14:11:32.6539894-07:00" finish="2025-08-24T14:11:33.3529976-07:00" />
  <TestSettings name="default" id="23be4122-732d-4b2c-8a9a-5b957958ced3">
    <Deployment runDeploymentRoot="micha_DESKTOP-TCPMHJ0_2025-08-24_14_11_33" />
  </TestSettings>
  <Results>
    <UnitTestResult executionId="8be19256-8328-4387-9ff0-85c167801e97" testId="9c7f3e6f-7060-e8c8-cbb1-fb23c2e839ae" testName="AISwarm.Tests.Services.WorkItemNotificationServiceTests.WhenSubscribingWithNullPersona_ShouldThrowArgumentException" computerName="DESKTOP-TCPMHJ0" duration="00:00:00.0004765" startTime="2025-08-24T14:11:33.2568552-07:00" endTime="2025-08-24T14:11:33.2568553-07:00" testType="13cdc9d9-ddb5-4fa4-a97d-d965ccfc6d4b" outcome="Passed" testListId="8c84fa94-04c1-424b-9868-57a2d4851a1d" relativeResultsDirectory="8be19256-8328-4387-9ff0-85c167801e97" />
    <UnitTestResult executionId="d3469c70-741f-4419-9ac2-8a73a60479df" testId="0d1e31fb-be26-2d0e-2dad-cb6f56d5ad52" testName="AISwarm.Tests.Services.WorkItemNotificationServiceTests.WhenSubscribingWithNullAgentId_ShouldThrowArgumentException" computerName="DESKTOP-TCPMHJ0" duration="00:00:00.0074905" startTime="2025-08-24T14:11:33.2350361-07:00" endTime="2025-08-24T14:11:33.2350620-07:00" testType="13cdc9d9-ddb5-4fa4-a97d-d965ccfc6d4b" outcome="Passed" testListId="8c84fa94-04c1-424b-9868-57a2d4851a1d" relativeResultsDirectory="d3469c70-741f-4419-9ac2-8a73a60479df" />
    <UnitTestResult executionId="8cff615f-5f05-4c98-9ac8-819e3ecf6ce6" testId="7345a97e-e9ef-210f-2880-aef65ad31e91" testName="AISwarm.Tests.Services.WorkItemNotificationServiceTests.WhenPublishingTaskCreatedForAgent_ShouldDeliverToAgentSubscription" computerName="DESKTOP-TCPMHJ0" duration="00:00:00.0174560" startTime="2025-08-24T14:11:33.2553349-07:00" endTime="2025-08-24T14:11:33.2553356-07:00" testType="13cdc9d9-ddb5-4fa4-a97d-d965ccfc6d4b" outcome="Passed" testListId="8c84fa94-04c1-424b-9868-57a2d4851a1d" relativeResultsDirectory="8cff615f-5f05-4c98-9ac8-819e3ecf6ce6" />
  </Results>
  <TestDefinitions>
    <UnitTest name="AISwarm.Tests.Services.WorkItemNotificationServiceTests.WhenSubscribingWithNullAgentId_ShouldThrowArgumentException" storage="d:\dev\projects\aiswarm\tests\aiswarm.tests\bin\debug\net9.0\aiswarm.tests.dll" id="0d1e31fb-be26-2d0e-2dad-cb6f56d5ad52">
      <Execution id="d3469c70-741f-4419-9ac2-8a73a60479df" />
      <TestMethod codeBase="D:\dev\projects\aiswarm\tests\AISwarm.Tests\bin\Debug\net9.0\AISwarm.Tests.dll" adapterTypeName="executor://xunit/VsTestRunner2/netcoreapp" className="AISwarm.Tests.Services.WorkItemNotificationServiceTests" name="WhenSubscribingWithNullAgentId_ShouldThrowArgumentException" />
    </UnitTest>
    <UnitTest name="AISwarm.Tests.Services.WorkItemNotificationServiceTests.WhenSubscribingWithNullPersona_ShouldThrowArgumentException" storage="d:\dev\projects\aiswarm\tests\aiswarm.tests\bin\debug\net9.0\aiswarm.tests.dll" id="9c7f3e6f-7060-e8c8-cbb1-fb23c2e839ae">
      <Execution id="8be19256-8328-4387-9ff0-85c167801e97" />
      <TestMethod codeBase="D:\dev\projects\aiswarm\tests\AISwarm.Tests\bin\Debug\net9.0\AISwarm.Tests.dll" adapterTypeName="executor://xunit/VsTestRunner2/netcoreapp" className="AISwarm.Tests.Services.WorkItemNotificationServiceTests" name="WhenSubscribingWithNullPersona_ShouldThrowArgumentException" />
    </UnitTest>
    <UnitTest name="AISwarm.Tests.Services.WorkItemNotificationServiceTests.WhenPublishingTaskCreatedForAgent_ShouldDeliverToAgentSubscription" storage="d:\dev\projects\aiswarm\tests\aiswarm.tests\bin\debug\net9.0\aiswarm.tests.dll" id="7345a97e-e9ef-210f-2880-aef65ad31e91">
      <Execution id="8cff615f-5f05-4c98-9ac8-819e3ecf6ce6" />
      <TestMethod codeBase="D:\dev\projects\aiswarm\tests\AISwarm.Tests\bin\Debug\net9.0\AISwarm.Tests.dll" adapterTypeName="executor://xunit/VsTestRunner2/netcoreapp" className="AISwarm.Tests.Services.WorkItemNotificationServiceTests" name="WhenPublishingTaskCreatedForAgent_ShouldDeliverToAgentSubscription" />
    </UnitTest>
  </TestDefinitions>
  <TestEntries>
    <TestEntry testId="9c7f3e6f-7060-e8c8-cbb1-fb23c2e839ae" executionId="8be19256-8328-4387-9ff0-85c167801e97" testListId="8c84fa94-04c1-424b-9868-57a2d4851a1d" />
    <TestEntry testId="0d1e31fb-be26-2d0e-2dad-cb6f56d5ad52" executionId="d3469c70-741f-4419-9ac2-8a73a60479df" testListId="8c84fa94-04c1-424b-9868-57a2d4851a1d" />
    <TestEntry testId="7345a97e-e9ef-210f-2880-aef65ad31e91" executionId="8cff615f-5f05-4c98-9ac8-819e3ecf6ce6" testListId="8c84fa94-04c1-424b-9868-57a2d4851a1d" />
  </TestEntries>
  <TestLists>
    <TestList name="Results Not in a List" id="8c84fa94-04c1-424b-9868-57a2d4851a1d" />
    <TestList name="All Loaded Results" id="19431567-8539-422a-85d7-44ee4e166bda" />
  </TestLists>
  <ResultSummary outcome="Completed">
    <Counters total="3" executed="3" passed="3" failed="0" error="0" timeout="0" aborted="0" inconclusive="0" passedButRunAborted="0" notRunnable="0" notExecuted="0" disconnected="0" warning="0" completed="0" inProgress="0" pending="0" />
    <Output>
      <StdOut>[xUnit.net 00:00:00.00] xUnit.net VSTest Adapter v2.8.2+699d445a1a (64-bit .NET 9.0.8)&#xD;
[xUnit.net 00:00:00.14]   Discovering: AISwarm.Tests&#xD;
[xUnit.net 00:00:00.18]   Discovered:  AISwarm.Tests&#xD;
[xUnit.net 00:00:00.19]   Starting:    AISwarm.Tests&#xD;
[xUnit.net 00:00:00.25]   Finished:    AISwarm.Tests&#xD;
</StdOut>
    </Output>
  </ResultSummary>
</TestRun>